16:20:28,703  INFO TestContextManager:234 - Could not instantiate TestExecutionListener class [org.springframework.test.context.web.ServletTestExecutionListener]. Specify custom listener classes or make the default listener classes (and their dependencies) available.
16:20:28,889  INFO XmlBeanDefinitionReader:316 - Loading XML bean definitions from class path resource [spring-business-test.xml]
16:20:29,287  INFO XmlBeanDefinitionReader:316 - Loading XML bean definitions from class path resource [spring-data-test.xml]
16:20:29,422  INFO GenericApplicationContext:513 - Refreshing org.springframework.context.support.GenericApplicationContext@993509d: startup date [Sun Apr 17 16:20:29 CEST 2016]; root of context hierarchy
16:20:30,077  INFO Version:66 - HCANN000001: Hibernate Commons Annotations {4.0.5.Final}
16:20:30,085  INFO Version:54 - HHH000412: Hibernate Core {4.3.8.Final}
16:20:30,087  INFO Environment:239 - HHH000206: hibernate.properties not found
16:20:30,094  INFO Environment:346 - HHH000021: Bytecode provider name : javassist
16:20:30,121  INFO Configuration:2111 - HHH000044: Configuring from URL: jar:file:/Users/Jerome/Documents/AFCEPF/Atod26/Spring-Banque3Pom/BanqueSpring-ng/BanqueSpring-Data/target/BanqueSpring-Data-0.1-tests.jar!/hibernate-test.cfg.xml
16:20:30,152  WARN DTDEntityResolver:75 - HHH000223: Recognized obsolete hibernate namespace http://hibernate.sourceforge.net/. Use namespace http://www.hibernate.org/dtd/ instead. Refer to Hibernate 3.6 Migration Guide!
16:20:30,182  INFO Configuration:2216 - HHH000041: Configured SessionFactory: null
16:20:30,800  INFO Dialect:145 - HHH000400: Using dialect: org.hibernate.dialect.MySQLDialect
16:20:30,930  WARN AnnotationBinder:910 - HHH000457: Joined inheritance hierarchy [fr.afcepf.atod26.java.spring.banque.entity.Utilisateur] defined explicit @DiscriminatorColumn.  Legacy Hibernate behavior was to ignore the @DiscriminatorColumn.  However, as part of issue HHH-6911 we now apply the explicit @DiscriminatorColumn.  If you would prefer the legacy behavior, enable the `hibernate.discriminator.ignore_explicit_for_joined` setting (hibernate.discriminator.ignore_explicit_for_joined=true)
16:20:31,111  INFO TransactionFactoryInitiator:62 - HHH000399: Using default transaction strategy (direct JDBC transactions)
16:20:31,118  INFO ASTQueryTranslatorFactory:47 - HHH000397: Using ASTQueryTranslatorFactory
16:20:31,822  INFO SchemaExport:344 - HHH000227: Running hbm2ddl schema export
16:20:31,846 DEBUG SQL:109 - alter table Client drop foreign key FK_tmsskjhmh47g1dfd33o3msmgg
16:20:31,877 DEBUG SQL:109 - alter table Conseiller drop foreign key FK_1g42pjxn7l6j09l5xg8vto3be
16:20:31,899 DEBUG SQL:109 - alter table compte drop foreign key FK_20a8vu6mk97d7bty54i0lsjr
16:20:31,915 DEBUG SQL:109 - alter table operation_compte drop foreign key FK_f2x8vhjt0o6jddjq5dap8rrki
16:20:31,927 DEBUG SQL:109 - drop table if exists Client
16:20:31,929 DEBUG SQL:109 - drop table if exists Conseiller
16:20:31,931 DEBUG SQL:109 - drop table if exists compte
16:20:31,934 DEBUG SQL:109 - drop table if exists operation_compte
16:20:31,936 DEBUG SQL:109 - drop table if exists utilisateur
16:20:31,939 DEBUG SQL:109 - create table Client (id_utilisateur integer not null, primary key (id_utilisateur))
16:20:31,953 DEBUG SQL:109 - create table Conseiller (id_utilisateur integer not null, primary key (id_utilisateur))
16:20:31,970 DEBUG SQL:109 - create table compte (numero_compte integer not null auto_increment, date_de_creation datetime not null, type_de_compte varchar(45) not null, id_utilisateur integer, primary key (numero_compte))
16:20:31,987 DEBUG SQL:109 - create table operation_compte (type_operation varchar(31) not null, numero_operation integer not null auto_increment, date_operation datetime not null, montant double precision not null, compte integer not null, primary key (numero_operation))
16:20:32,003 DEBUG SQL:109 - create table utilisateur (type_utilisateur varchar(31) not null, id_utilisateur integer not null auto_increment, mail varchar(45) not null, mot_de_passe varchar(45) not null, nom varchar(45) not null, prenom varchar(45) not null, primary key (id_utilisateur))
16:20:32,018 DEBUG SQL:109 - alter table Client add constraint FK_tmsskjhmh47g1dfd33o3msmgg foreign key (id_utilisateur) references utilisateur (id_utilisateur)
16:20:32,034 DEBUG SQL:109 - alter table Conseiller add constraint FK_1g42pjxn7l6j09l5xg8vto3be foreign key (id_utilisateur) references utilisateur (id_utilisateur)
16:20:32,082 DEBUG SQL:109 - alter table compte add constraint FK_20a8vu6mk97d7bty54i0lsjr foreign key (id_utilisateur) references Client (id_utilisateur)
16:20:32,104 DEBUG SQL:109 - alter table operation_compte add constraint FK_f2x8vhjt0o6jddjq5dap8rrki foreign key (compte) references compte (numero_compte)
16:20:32,529  INFO SchemaExport:406 - HHH000230: Schema export complete
16:20:32,842  INFO HibernateTransactionManager:341 - Using DataSource [org.apache.commons.dbcp2.BasicDataSource@6c03f4f7] of Hibernate SessionFactory for HibernateTransactionManager
16:20:33,254 DEBUG SQL:109 - select utilisateu0_.id_utilisateur as id_utili2_4_, utilisateu0_.mail as mail3_4_, utilisateu0_.mot_de_passe as mot_de_p4_4_, utilisateu0_.nom as nom5_4_, utilisateu0_.prenom as prenom6_4_, utilisateu0_.type_utilisateur as type_uti1_4_ from utilisateur utilisateu0_ left outer join Client utilisateu0_1_ on utilisateu0_.id_utilisateur=utilisateu0_1_.id_utilisateur left outer join Conseiller utilisateu0_2_ on utilisateu0_.id_utilisateur=utilisateu0_2_.id_utilisateur where utilisateu0_.mail=? and utilisateu0_.mot_de_passe=?
16:20:33,312  INFO GenericApplicationContext:873 - Closing org.springframework.context.support.GenericApplicationContext@993509d: startup date [Sun Apr 17 16:20:29 CEST 2016]; root of context hierarchy
16:23:07,551  INFO TestContextManager:234 - Could not instantiate TestExecutionListener class [org.springframework.test.context.web.ServletTestExecutionListener]. Specify custom listener classes or make the default listener classes (and their dependencies) available.
16:23:07,727  INFO XmlBeanDefinitionReader:316 - Loading XML bean definitions from class path resource [spring-business-test.xml]
16:23:08,136  INFO XmlBeanDefinitionReader:316 - Loading XML bean definitions from class path resource [spring-data-test.xml]
16:23:08,301  INFO GenericApplicationContext:513 - Refreshing org.springframework.context.support.GenericApplicationContext@76466cd5: startup date [Sun Apr 17 16:23:08 CEST 2016]; root of context hierarchy
16:23:08,995  INFO Version:66 - HCANN000001: Hibernate Commons Annotations {4.0.5.Final}
16:23:09,003  INFO Version:54 - HHH000412: Hibernate Core {4.3.8.Final}
16:23:09,006  INFO Environment:239 - HHH000206: hibernate.properties not found
16:23:09,009  INFO Environment:346 - HHH000021: Bytecode provider name : javassist
16:23:09,039  INFO Configuration:2111 - HHH000044: Configuring from URL: jar:file:/Users/Jerome/Documents/AFCEPF/Atod26/Spring-Banque3Pom/BanqueSpring-ng/BanqueSpring-Data/target/BanqueSpring-Data-0.1-tests.jar!/hibernate-test.cfg.xml
16:23:09,075  WARN DTDEntityResolver:75 - HHH000223: Recognized obsolete hibernate namespace http://hibernate.sourceforge.net/. Use namespace http://www.hibernate.org/dtd/ instead. Refer to Hibernate 3.6 Migration Guide!
16:23:09,123  INFO Configuration:2216 - HHH000041: Configured SessionFactory: null
16:23:09,786  INFO Dialect:145 - HHH000400: Using dialect: org.hibernate.dialect.MySQLDialect
16:23:09,901  WARN AnnotationBinder:910 - HHH000457: Joined inheritance hierarchy [fr.afcepf.atod26.java.spring.banque.entity.Utilisateur] defined explicit @DiscriminatorColumn.  Legacy Hibernate behavior was to ignore the @DiscriminatorColumn.  However, as part of issue HHH-6911 we now apply the explicit @DiscriminatorColumn.  If you would prefer the legacy behavior, enable the `hibernate.discriminator.ignore_explicit_for_joined` setting (hibernate.discriminator.ignore_explicit_for_joined=true)
16:23:10,078  INFO TransactionFactoryInitiator:62 - HHH000399: Using default transaction strategy (direct JDBC transactions)
16:23:10,085  INFO ASTQueryTranslatorFactory:47 - HHH000397: Using ASTQueryTranslatorFactory
16:23:10,548  INFO SchemaExport:344 - HHH000227: Running hbm2ddl schema export
16:23:10,570 DEBUG SQL:109 - alter table Client drop foreign key FK_tmsskjhmh47g1dfd33o3msmgg
16:23:10,597 DEBUG SQL:109 - alter table Conseiller drop foreign key FK_1g42pjxn7l6j09l5xg8vto3be
16:23:10,611 DEBUG SQL:109 - alter table compte drop foreign key FK_20a8vu6mk97d7bty54i0lsjr
16:23:10,631 DEBUG SQL:109 - alter table operation_compte drop foreign key FK_f2x8vhjt0o6jddjq5dap8rrki
16:23:10,648 DEBUG SQL:109 - drop table if exists Client
16:23:10,651 DEBUG SQL:109 - drop table if exists Conseiller
16:23:10,654 DEBUG SQL:109 - drop table if exists compte
16:23:10,657 DEBUG SQL:109 - drop table if exists operation_compte
16:23:10,660 DEBUG SQL:109 - drop table if exists utilisateur
16:23:10,663 DEBUG SQL:109 - create table Client (id_utilisateur integer not null, primary key (id_utilisateur))
16:23:10,682 DEBUG SQL:109 - create table Conseiller (id_utilisateur integer not null, primary key (id_utilisateur))
16:23:10,696 DEBUG SQL:109 - create table compte (numero_compte integer not null auto_increment, date_de_creation datetime not null, type_de_compte varchar(45) not null, id_utilisateur integer, primary key (numero_compte))
16:23:10,709 DEBUG SQL:109 - create table operation_compte (type_operation varchar(31) not null, numero_operation integer not null auto_increment, date_operation datetime not null, montant double precision not null, compte integer not null, primary key (numero_operation))
16:23:10,724 DEBUG SQL:109 - create table utilisateur (type_utilisateur varchar(31) not null, id_utilisateur integer not null auto_increment, mail varchar(45) not null, mot_de_passe varchar(45) not null, nom varchar(45) not null, prenom varchar(45) not null, primary key (id_utilisateur))
16:23:10,744 DEBUG SQL:109 - alter table Client add constraint FK_tmsskjhmh47g1dfd33o3msmgg foreign key (id_utilisateur) references utilisateur (id_utilisateur)
16:23:10,765 DEBUG SQL:109 - alter table Conseiller add constraint FK_1g42pjxn7l6j09l5xg8vto3be foreign key (id_utilisateur) references utilisateur (id_utilisateur)
16:23:10,783 DEBUG SQL:109 - alter table compte add constraint FK_20a8vu6mk97d7bty54i0lsjr foreign key (id_utilisateur) references Client (id_utilisateur)
16:23:10,801 DEBUG SQL:109 - alter table operation_compte add constraint FK_f2x8vhjt0o6jddjq5dap8rrki foreign key (compte) references compte (numero_compte)
16:23:11,004  INFO SchemaExport:406 - HHH000230: Schema export complete
16:23:11,151  INFO HibernateTransactionManager:341 - Using DataSource [org.apache.commons.dbcp2.BasicDataSource@2c651db0] of Hibernate SessionFactory for HibernateTransactionManager
16:23:11,452 DEBUG SQL:109 - select utilisateu0_.id_utilisateur as id_utili2_4_, utilisateu0_.mail as mail3_4_, utilisateu0_.mot_de_passe as mot_de_p4_4_, utilisateu0_.nom as nom5_4_, utilisateu0_.prenom as prenom6_4_, utilisateu0_.type_utilisateur as type_uti1_4_ from utilisateur utilisateu0_ left outer join Client utilisateu0_1_ on utilisateu0_.id_utilisateur=utilisateu0_1_.id_utilisateur left outer join Conseiller utilisateu0_2_ on utilisateu0_.id_utilisateur=utilisateu0_2_.id_utilisateur where utilisateu0_.mail=? and utilisateu0_.mot_de_passe=?
16:23:11,519  INFO GenericApplicationContext:873 - Closing org.springframework.context.support.GenericApplicationContext@76466cd5: startup date [Sun Apr 17 16:23:08 CEST 2016]; root of context hierarchy
16:27:20,148  INFO TestContextManager:234 - Could not instantiate TestExecutionListener class [org.springframework.test.context.web.ServletTestExecutionListener]. Specify custom listener classes or make the default listener classes (and their dependencies) available.
16:27:20,339  INFO XmlBeanDefinitionReader:316 - Loading XML bean definitions from class path resource [spring-business-test.xml]
16:27:20,757  INFO XmlBeanDefinitionReader:316 - Loading XML bean definitions from class path resource [spring-data-test.xml]
16:27:20,919  INFO GenericApplicationContext:513 - Refreshing org.springframework.context.support.GenericApplicationContext@993509d: startup date [Sun Apr 17 16:27:20 CEST 2016]; root of context hierarchy
16:27:21,613  INFO Version:66 - HCANN000001: Hibernate Commons Annotations {4.0.5.Final}
16:27:21,621  INFO Version:54 - HHH000412: Hibernate Core {4.3.8.Final}
16:27:21,624  INFO Environment:239 - HHH000206: hibernate.properties not found
16:27:21,626  INFO Environment:346 - HHH000021: Bytecode provider name : javassist
16:27:21,654  INFO Configuration:2111 - HHH000044: Configuring from URL: jar:file:/Users/Jerome/Documents/AFCEPF/Atod26/Spring-Banque3Pom/BanqueSpring-ng/BanqueSpring-Data/target/BanqueSpring-Data-0.1-tests.jar!/hibernate-test.cfg.xml
16:27:21,684  WARN DTDEntityResolver:75 - HHH000223: Recognized obsolete hibernate namespace http://hibernate.sourceforge.net/. Use namespace http://www.hibernate.org/dtd/ instead. Refer to Hibernate 3.6 Migration Guide!
16:27:21,714  INFO Configuration:2216 - HHH000041: Configured SessionFactory: null
16:27:22,356  INFO Dialect:145 - HHH000400: Using dialect: org.hibernate.dialect.MySQLDialect
16:27:22,521  WARN AnnotationBinder:910 - HHH000457: Joined inheritance hierarchy [fr.afcepf.atod26.java.spring.banque.entity.Utilisateur] defined explicit @DiscriminatorColumn.  Legacy Hibernate behavior was to ignore the @DiscriminatorColumn.  However, as part of issue HHH-6911 we now apply the explicit @DiscriminatorColumn.  If you would prefer the legacy behavior, enable the `hibernate.discriminator.ignore_explicit_for_joined` setting (hibernate.discriminator.ignore_explicit_for_joined=true)
16:27:22,691  INFO TransactionFactoryInitiator:62 - HHH000399: Using default transaction strategy (direct JDBC transactions)
16:27:22,701  INFO ASTQueryTranslatorFactory:47 - HHH000397: Using ASTQueryTranslatorFactory
16:27:23,167  INFO SchemaExport:344 - HHH000227: Running hbm2ddl schema export
16:27:23,202 DEBUG SQL:109 - alter table Client drop foreign key FK_tmsskjhmh47g1dfd33o3msmgg
16:27:23,230 DEBUG SQL:109 - alter table Conseiller drop foreign key FK_1g42pjxn7l6j09l5xg8vto3be
16:27:23,246 DEBUG SQL:109 - alter table compte drop foreign key FK_20a8vu6mk97d7bty54i0lsjr
16:27:23,265 DEBUG SQL:109 - alter table operation_compte drop foreign key FK_f2x8vhjt0o6jddjq5dap8rrki
16:27:23,282 DEBUG SQL:109 - drop table if exists Client
16:27:23,285 DEBUG SQL:109 - drop table if exists Conseiller
16:27:23,288 DEBUG SQL:109 - drop table if exists compte
16:27:23,291 DEBUG SQL:109 - drop table if exists operation_compte
16:27:23,294 DEBUG SQL:109 - drop table if exists utilisateur
16:27:23,297 DEBUG SQL:109 - create table Client (id_utilisateur integer not null, primary key (id_utilisateur))
16:27:23,328 DEBUG SQL:109 - create table Conseiller (id_utilisateur integer not null, primary key (id_utilisateur))
16:27:23,343 DEBUG SQL:109 - create table compte (numero_compte integer not null auto_increment, date_de_creation datetime not null, type_de_compte varchar(45) not null, id_utilisateur integer, primary key (numero_compte))
16:27:23,358 DEBUG SQL:109 - create table operation_compte (type_operation varchar(31) not null, numero_operation integer not null auto_increment, date_operation datetime not null, montant double precision not null, compte integer not null, primary key (numero_operation))
16:27:23,377 DEBUG SQL:109 - create table utilisateur (type_utilisateur varchar(31) not null, id_utilisateur integer not null auto_increment, mail varchar(45) not null, mot_de_passe varchar(45) not null, nom varchar(45) not null, prenom varchar(45) not null, primary key (id_utilisateur))
16:27:23,395 DEBUG SQL:109 - alter table Client add constraint FK_tmsskjhmh47g1dfd33o3msmgg foreign key (id_utilisateur) references utilisateur (id_utilisateur)
16:27:23,416 DEBUG SQL:109 - alter table Conseiller add constraint FK_1g42pjxn7l6j09l5xg8vto3be foreign key (id_utilisateur) references utilisateur (id_utilisateur)
16:27:23,434 DEBUG SQL:109 - alter table compte add constraint FK_20a8vu6mk97d7bty54i0lsjr foreign key (id_utilisateur) references Client (id_utilisateur)
16:27:23,454 DEBUG SQL:109 - alter table operation_compte add constraint FK_f2x8vhjt0o6jddjq5dap8rrki foreign key (compte) references compte (numero_compte)
16:27:23,763  INFO SchemaExport:406 - HHH000230: Schema export complete
16:27:23,920  INFO HibernateTransactionManager:341 - Using DataSource [org.apache.commons.dbcp2.BasicDataSource@22802495] of Hibernate SessionFactory for HibernateTransactionManager
16:27:24,212 DEBUG SQL:109 - select utilisateu0_.id_utilisateur as id_utili2_4_, utilisateu0_.mail as mail3_4_, utilisateu0_.mot_de_passe as mot_de_p4_4_, utilisateu0_.nom as nom5_4_, utilisateu0_.prenom as prenom6_4_, utilisateu0_.type_utilisateur as type_uti1_4_ from utilisateur utilisateu0_ left outer join Client utilisateu0_1_ on utilisateu0_.id_utilisateur=utilisateu0_1_.id_utilisateur left outer join Conseiller utilisateu0_2_ on utilisateu0_.id_utilisateur=utilisateu0_2_.id_utilisateur where utilisateu0_.mail=? and utilisateu0_.mot_de_passe=?
16:27:24,269  INFO GenericApplicationContext:873 - Closing org.springframework.context.support.GenericApplicationContext@993509d: startup date [Sun Apr 17 16:27:20 CEST 2016]; root of context hierarchy
16:30:54,714  INFO TestContextManager:234 - Could not instantiate TestExecutionListener class [org.springframework.test.context.web.ServletTestExecutionListener]. Specify custom listener classes or make the default listener classes (and their dependencies) available.
16:30:55,033  INFO XmlBeanDefinitionReader:316 - Loading XML bean definitions from class path resource [spring-business-test.xml]
16:30:55,676  INFO XmlBeanDefinitionReader:316 - Loading XML bean definitions from class path resource [spring-data-test.xml]
16:30:55,680 ERROR TestContextManager:322 - Caught exception while allowing TestExecutionListener [org.springframework.test.context.support.DependencyInjectionTestExecutionListener@3db43dd2] to prepare test instance [fr.afcepf.atod26.java.spring.banque.impl.BusinessConnexionTest@446c5a4]
java.lang.IllegalStateException: Failed to load ApplicationContext
	at org.springframework.test.context.CacheAwareContextLoaderDelegate.loadContext(CacheAwareContextLoaderDelegate.java:99)
	at org.springframework.test.context.DefaultTestContext.getApplicationContext(DefaultTestContext.java:101)
	at org.springframework.test.context.support.DependencyInjectionTestExecutionListener.injectDependencies(DependencyInjectionTestExecutionListener.java:109)
	at org.springframework.test.context.support.DependencyInjectionTestExecutionListener.prepareTestInstance(DependencyInjectionTestExecutionListener.java:75)
	at org.springframework.test.context.TestContextManager.prepareTestInstance(TestContextManager.java:319)
	at org.springframework.test.context.junit4.SpringJUnit4ClassRunner.createTest(SpringJUnit4ClassRunner.java:212)
	at org.springframework.test.context.junit4.SpringJUnit4ClassRunner$1.runReflectiveCall(SpringJUnit4ClassRunner.java:289)
	at org.junit.internal.runners.model.ReflectiveCallable.run(ReflectiveCallable.java:12)
	at org.springframework.test.context.junit4.SpringJUnit4ClassRunner.methodBlock(SpringJUnit4ClassRunner.java:291)
	at org.springframework.test.context.junit4.SpringJUnit4ClassRunner.runChild(SpringJUnit4ClassRunner.java:232)
	at org.springframework.test.context.junit4.SpringJUnit4ClassRunner.runChild(SpringJUnit4ClassRunner.java:89)
	at org.junit.runners.ParentRunner$3.run(ParentRunner.java:290)
	at org.junit.runners.ParentRunner$1.schedule(ParentRunner.java:71)
	at org.junit.runners.ParentRunner.runChildren(ParentRunner.java:288)
	at org.junit.runners.ParentRunner.access$000(ParentRunner.java:58)
	at org.junit.runners.ParentRunner$2.evaluate(ParentRunner.java:268)
	at org.springframework.test.context.junit4.statements.RunBeforeTestClassCallbacks.evaluate(RunBeforeTestClassCallbacks.java:61)
	at org.springframework.test.context.junit4.statements.RunAfterTestClassCallbacks.evaluate(RunAfterTestClassCallbacks.java:71)
	at org.junit.runners.ParentRunner.run(ParentRunner.java:363)
	at org.springframework.test.context.junit4.SpringJUnit4ClassRunner.run(SpringJUnit4ClassRunner.java:175)
	at org.apache.maven.surefire.junit4.JUnit4Provider.execute(JUnit4Provider.java:252)
	at org.apache.maven.surefire.junit4.JUnit4Provider.executeTestSet(JUnit4Provider.java:141)
	at org.apache.maven.surefire.junit4.JUnit4Provider.invoke(JUnit4Provider.java:112)
	at sun.reflect.NativeMethodAccessorImpl.invoke0(Native Method)
	at sun.reflect.NativeMethodAccessorImpl.invoke(NativeMethodAccessorImpl.java:57)
	at sun.reflect.DelegatingMethodAccessorImpl.invoke(DelegatingMethodAccessorImpl.java:43)
	at java.lang.reflect.Method.invoke(Method.java:606)
	at org.apache.maven.surefire.util.ReflectionUtils.invokeMethodWithArray(ReflectionUtils.java:189)
	at org.apache.maven.surefire.booter.ProviderFactory$ProviderProxy.invoke(ProviderFactory.java:165)
	at org.apache.maven.surefire.booter.ProviderFactory.invokeProvider(ProviderFactory.java:85)
	at org.apache.maven.surefire.booter.ForkedBooter.runSuitesInProcess(ForkedBooter.java:115)
	at org.apache.maven.surefire.booter.ForkedBooter.main(ForkedBooter.java:75)
Caused by: org.springframework.beans.factory.parsing.BeanDefinitionParsingException: Configuration problem: Failed to import bean definitions from URL location [classpath:spring-data-test.xml]
Offending resource: class path resource [spring-business-test.xml]; nested exception is org.springframework.beans.factory.BeanDefinitionStoreException: IOException parsing XML document from class path resource [spring-data-test.xml]; nested exception is java.io.FileNotFoundException: class path resource [spring-data-test.xml] cannot be opened because it does not exist
	at org.springframework.beans.factory.parsing.FailFastProblemReporter.error(FailFastProblemReporter.java:70)
	at org.springframework.beans.factory.parsing.ReaderContext.error(ReaderContext.java:85)
	at org.springframework.beans.factory.parsing.ReaderContext.error(ReaderContext.java:76)
	at org.springframework.beans.factory.xml.DefaultBeanDefinitionDocumentReader.importBeanDefinitionResource(DefaultBeanDefinitionDocumentReader.java:248)
	at org.springframework.beans.factory.xml.DefaultBeanDefinitionDocumentReader.parseDefaultElement(DefaultBeanDefinitionDocumentReader.java:199)
	at org.springframework.beans.factory.xml.DefaultBeanDefinitionDocumentReader.parseBeanDefinitions(DefaultBeanDefinitionDocumentReader.java:184)
	at org.springframework.beans.factory.xml.DefaultBeanDefinitionDocumentReader.doRegisterBeanDefinitions(DefaultBeanDefinitionDocumentReader.java:141)
	at org.springframework.beans.factory.xml.DefaultBeanDefinitionDocumentReader.registerBeanDefinitions(DefaultBeanDefinitionDocumentReader.java:110)
	at org.springframework.beans.factory.xml.XmlBeanDefinitionReader.registerBeanDefinitions(XmlBeanDefinitionReader.java:508)
	at org.springframework.beans.factory.xml.XmlBeanDefinitionReader.doLoadBeanDefinitions(XmlBeanDefinitionReader.java:391)
	at org.springframework.beans.factory.xml.XmlBeanDefinitionReader.loadBeanDefinitions(XmlBeanDefinitionReader.java:335)
	at org.springframework.beans.factory.xml.XmlBeanDefinitionReader.loadBeanDefinitions(XmlBeanDefinitionReader.java:303)
	at org.springframework.beans.factory.support.AbstractBeanDefinitionReader.loadBeanDefinitions(AbstractBeanDefinitionReader.java:180)
	at org.springframework.beans.factory.support.AbstractBeanDefinitionReader.loadBeanDefinitions(AbstractBeanDefinitionReader.java:216)
	at org.springframework.beans.factory.support.AbstractBeanDefinitionReader.loadBeanDefinitions(AbstractBeanDefinitionReader.java:187)
	at org.springframework.beans.factory.support.AbstractBeanDefinitionReader.loadBeanDefinitions(AbstractBeanDefinitionReader.java:251)
	at org.springframework.test.context.support.AbstractGenericContextLoader.loadBeanDefinitions(AbstractGenericContextLoader.java:235)
	at org.springframework.test.context.support.AbstractGenericContextLoader.loadContext(AbstractGenericContextLoader.java:118)
	at org.springframework.test.context.support.AbstractGenericContextLoader.loadContext(AbstractGenericContextLoader.java:60)
	at org.springframework.test.context.support.AbstractDelegatingSmartContextLoader.delegateLoading(AbstractDelegatingSmartContextLoader.java:100)
	at org.springframework.test.context.support.AbstractDelegatingSmartContextLoader.loadContext(AbstractDelegatingSmartContextLoader.java:250)
	at org.springframework.test.context.CacheAwareContextLoaderDelegate.loadContextInternal(CacheAwareContextLoaderDelegate.java:64)
	at org.springframework.test.context.CacheAwareContextLoaderDelegate.loadContext(CacheAwareContextLoaderDelegate.java:91)
	... 31 more
Caused by: org.springframework.beans.factory.BeanDefinitionStoreException: IOException parsing XML document from class path resource [spring-data-test.xml]; nested exception is java.io.FileNotFoundException: class path resource [spring-data-test.xml] cannot be opened because it does not exist
	at org.springframework.beans.factory.xml.XmlBeanDefinitionReader.loadBeanDefinitions(XmlBeanDefinitionReader.java:343)
	at org.springframework.beans.factory.xml.XmlBeanDefinitionReader.loadBeanDefinitions(XmlBeanDefinitionReader.java:303)
	at org.springframework.beans.factory.support.AbstractBeanDefinitionReader.loadBeanDefinitions(AbstractBeanDefinitionReader.java:180)
	at org.springframework.beans.factory.support.AbstractBeanDefinitionReader.loadBeanDefinitions(AbstractBeanDefinitionReader.java:216)
	at org.springframework.beans.factory.xml.DefaultBeanDefinitionDocumentReader.importBeanDefinitionResource(DefaultBeanDefinitionDocumentReader.java:242)
	... 50 more
Caused by: java.io.FileNotFoundException: class path resource [spring-data-test.xml] cannot be opened because it does not exist
	at org.springframework.core.io.ClassPathResource.getInputStream(ClassPathResource.java:158)
	at org.springframework.beans.factory.xml.XmlBeanDefinitionReader.loadBeanDefinitions(XmlBeanDefinitionReader.java:329)
	... 54 more
16:30:55,728  INFO XmlBeanDefinitionReader:316 - Loading XML bean definitions from class path resource [spring-business-test.xml]
16:30:55,967  INFO XmlBeanDefinitionReader:316 - Loading XML bean definitions from class path resource [spring-data-test.xml]
16:30:55,968 ERROR TestContextManager:322 - Caught exception while allowing TestExecutionListener [org.springframework.test.context.support.DependencyInjectionTestExecutionListener@3db43dd2] to prepare test instance [fr.afcepf.atod26.java.spring.banque.impl.BusinessConnexionTest@6384d62e]
java.lang.IllegalStateException: Failed to load ApplicationContext
	at org.springframework.test.context.CacheAwareContextLoaderDelegate.loadContext(CacheAwareContextLoaderDelegate.java:99)
	at org.springframework.test.context.DefaultTestContext.getApplicationContext(DefaultTestContext.java:101)
	at org.springframework.test.context.support.DependencyInjectionTestExecutionListener.injectDependencies(DependencyInjectionTestExecutionListener.java:109)
	at org.springframework.test.context.support.DependencyInjectionTestExecutionListener.prepareTestInstance(DependencyInjectionTestExecutionListener.java:75)
	at org.springframework.test.context.TestContextManager.prepareTestInstance(TestContextManager.java:319)
	at org.springframework.test.context.junit4.SpringJUnit4ClassRunner.createTest(SpringJUnit4ClassRunner.java:212)
	at org.springframework.test.context.junit4.SpringJUnit4ClassRunner$1.runReflectiveCall(SpringJUnit4ClassRunner.java:289)
	at org.junit.internal.runners.model.ReflectiveCallable.run(ReflectiveCallable.java:12)
	at org.springframework.test.context.junit4.SpringJUnit4ClassRunner.methodBlock(SpringJUnit4ClassRunner.java:291)
	at org.springframework.test.context.junit4.SpringJUnit4ClassRunner.runChild(SpringJUnit4ClassRunner.java:232)
	at org.springframework.test.context.junit4.SpringJUnit4ClassRunner.runChild(SpringJUnit4ClassRunner.java:89)
	at org.junit.runners.ParentRunner$3.run(ParentRunner.java:290)
	at org.junit.runners.ParentRunner$1.schedule(ParentRunner.java:71)
	at org.junit.runners.ParentRunner.runChildren(ParentRunner.java:288)
	at org.junit.runners.ParentRunner.access$000(ParentRunner.java:58)
	at org.junit.runners.ParentRunner$2.evaluate(ParentRunner.java:268)
	at org.springframework.test.context.junit4.statements.RunBeforeTestClassCallbacks.evaluate(RunBeforeTestClassCallbacks.java:61)
	at org.springframework.test.context.junit4.statements.RunAfterTestClassCallbacks.evaluate(RunAfterTestClassCallbacks.java:71)
	at org.junit.runners.ParentRunner.run(ParentRunner.java:363)
	at org.springframework.test.context.junit4.SpringJUnit4ClassRunner.run(SpringJUnit4ClassRunner.java:175)
	at org.apache.maven.surefire.junit4.JUnit4Provider.execute(JUnit4Provider.java:252)
	at org.apache.maven.surefire.junit4.JUnit4Provider.executeTestSet(JUnit4Provider.java:141)
	at org.apache.maven.surefire.junit4.JUnit4Provider.invoke(JUnit4Provider.java:112)
	at sun.reflect.NativeMethodAccessorImpl.invoke0(Native Method)
	at sun.reflect.NativeMethodAccessorImpl.invoke(NativeMethodAccessorImpl.java:57)
	at sun.reflect.DelegatingMethodAccessorImpl.invoke(DelegatingMethodAccessorImpl.java:43)
	at java.lang.reflect.Method.invoke(Method.java:606)
	at org.apache.maven.surefire.util.ReflectionUtils.invokeMethodWithArray(ReflectionUtils.java:189)
	at org.apache.maven.surefire.booter.ProviderFactory$ProviderProxy.invoke(ProviderFactory.java:165)
	at org.apache.maven.surefire.booter.ProviderFactory.invokeProvider(ProviderFactory.java:85)
	at org.apache.maven.surefire.booter.ForkedBooter.runSuitesInProcess(ForkedBooter.java:115)
	at org.apache.maven.surefire.booter.ForkedBooter.main(ForkedBooter.java:75)
Caused by: org.springframework.beans.factory.parsing.BeanDefinitionParsingException: Configuration problem: Failed to import bean definitions from URL location [classpath:spring-data-test.xml]
Offending resource: class path resource [spring-business-test.xml]; nested exception is org.springframework.beans.factory.BeanDefinitionStoreException: IOException parsing XML document from class path resource [spring-data-test.xml]; nested exception is java.io.FileNotFoundException: class path resource [spring-data-test.xml] cannot be opened because it does not exist
	at org.springframework.beans.factory.parsing.FailFastProblemReporter.error(FailFastProblemReporter.java:70)
	at org.springframework.beans.factory.parsing.ReaderContext.error(ReaderContext.java:85)
	at org.springframework.beans.factory.parsing.ReaderContext.error(ReaderContext.java:76)
	at org.springframework.beans.factory.xml.DefaultBeanDefinitionDocumentReader.importBeanDefinitionResource(DefaultBeanDefinitionDocumentReader.java:248)
	at org.springframework.beans.factory.xml.DefaultBeanDefinitionDocumentReader.parseDefaultElement(DefaultBeanDefinitionDocumentReader.java:199)
	at org.springframework.beans.factory.xml.DefaultBeanDefinitionDocumentReader.parseBeanDefinitions(DefaultBeanDefinitionDocumentReader.java:184)
	at org.springframework.beans.factory.xml.DefaultBeanDefinitionDocumentReader.doRegisterBeanDefinitions(DefaultBeanDefinitionDocumentReader.java:141)
	at org.springframework.beans.factory.xml.DefaultBeanDefinitionDocumentReader.registerBeanDefinitions(DefaultBeanDefinitionDocumentReader.java:110)
	at org.springframework.beans.factory.xml.XmlBeanDefinitionReader.registerBeanDefinitions(XmlBeanDefinitionReader.java:508)
	at org.springframework.beans.factory.xml.XmlBeanDefinitionReader.doLoadBeanDefinitions(XmlBeanDefinitionReader.java:391)
	at org.springframework.beans.factory.xml.XmlBeanDefinitionReader.loadBeanDefinitions(XmlBeanDefinitionReader.java:335)
	at org.springframework.beans.factory.xml.XmlBeanDefinitionReader.loadBeanDefinitions(XmlBeanDefinitionReader.java:303)
	at org.springframework.beans.factory.support.AbstractBeanDefinitionReader.loadBeanDefinitions(AbstractBeanDefinitionReader.java:180)
	at org.springframework.beans.factory.support.AbstractBeanDefinitionReader.loadBeanDefinitions(AbstractBeanDefinitionReader.java:216)
	at org.springframework.beans.factory.support.AbstractBeanDefinitionReader.loadBeanDefinitions(AbstractBeanDefinitionReader.java:187)
	at org.springframework.beans.factory.support.AbstractBeanDefinitionReader.loadBeanDefinitions(AbstractBeanDefinitionReader.java:251)
	at org.springframework.test.context.support.AbstractGenericContextLoader.loadBeanDefinitions(AbstractGenericContextLoader.java:235)
	at org.springframework.test.context.support.AbstractGenericContextLoader.loadContext(AbstractGenericContextLoader.java:118)
	at org.springframework.test.context.support.AbstractGenericContextLoader.loadContext(AbstractGenericContextLoader.java:60)
	at org.springframework.test.context.support.AbstractDelegatingSmartContextLoader.delegateLoading(AbstractDelegatingSmartContextLoader.java:100)
	at org.springframework.test.context.support.AbstractDelegatingSmartContextLoader.loadContext(AbstractDelegatingSmartContextLoader.java:250)
	at org.springframework.test.context.CacheAwareContextLoaderDelegate.loadContextInternal(CacheAwareContextLoaderDelegate.java:64)
	at org.springframework.test.context.CacheAwareContextLoaderDelegate.loadContext(CacheAwareContextLoaderDelegate.java:91)
	... 31 more
Caused by: org.springframework.beans.factory.BeanDefinitionStoreException: IOException parsing XML document from class path resource [spring-data-test.xml]; nested exception is java.io.FileNotFoundException: class path resource [spring-data-test.xml] cannot be opened because it does not exist
	at org.springframework.beans.factory.xml.XmlBeanDefinitionReader.loadBeanDefinitions(XmlBeanDefinitionReader.java:343)
	at org.springframework.beans.factory.xml.XmlBeanDefinitionReader.loadBeanDefinitions(XmlBeanDefinitionReader.java:303)
	at org.springframework.beans.factory.support.AbstractBeanDefinitionReader.loadBeanDefinitions(AbstractBeanDefinitionReader.java:180)
	at org.springframework.beans.factory.support.AbstractBeanDefinitionReader.loadBeanDefinitions(AbstractBeanDefinitionReader.java:216)
	at org.springframework.beans.factory.xml.DefaultBeanDefinitionDocumentReader.importBeanDefinitionResource(DefaultBeanDefinitionDocumentReader.java:242)
	... 50 more
Caused by: java.io.FileNotFoundException: class path resource [spring-data-test.xml] cannot be opened because it does not exist
	at org.springframework.core.io.ClassPathResource.getInputStream(ClassPathResource.java:158)
	at org.springframework.beans.factory.xml.XmlBeanDefinitionReader.loadBeanDefinitions(XmlBeanDefinitionReader.java:329)
	... 54 more
16:32:52,344  INFO TestContextManager:234 - Could not instantiate TestExecutionListener class [org.springframework.test.context.web.ServletTestExecutionListener]. Specify custom listener classes or make the default listener classes (and their dependencies) available.
16:32:52,517  INFO XmlBeanDefinitionReader:316 - Loading XML bean definitions from class path resource [spring-business-test.xml]
16:32:52,932  INFO XmlBeanDefinitionReader:316 - Loading XML bean definitions from class path resource [spring-data-test.xml]
16:32:53,085  INFO GenericApplicationContext:513 - Refreshing org.springframework.context.support.GenericApplicationContext@26917854: startup date [Sun Apr 17 16:32:53 CEST 2016]; root of context hierarchy
16:32:53,809  INFO Version:66 - HCANN000001: Hibernate Commons Annotations {4.0.5.Final}
16:32:53,817  INFO Version:54 - HHH000412: Hibernate Core {4.3.8.Final}
16:32:53,819  INFO Environment:239 - HHH000206: hibernate.properties not found
16:32:53,822  INFO Environment:346 - HHH000021: Bytecode provider name : javassist
16:32:53,850  INFO Configuration:2111 - HHH000044: Configuring from URL: jar:file:/Users/Jerome/Documents/AFCEPF/Atod26/Spring-Banque3Pom/BanqueSpring-ng/BanqueSpring-Data/target/BanqueSpring-Data-0.1-tests.jar!/hibernate-test.cfg.xml
16:32:53,886  WARN DTDEntityResolver:75 - HHH000223: Recognized obsolete hibernate namespace http://hibernate.sourceforge.net/. Use namespace http://www.hibernate.org/dtd/ instead. Refer to Hibernate 3.6 Migration Guide!
16:32:53,939  INFO Configuration:2216 - HHH000041: Configured SessionFactory: null
16:32:54,570  INFO Dialect:145 - HHH000400: Using dialect: org.hibernate.dialect.MySQLDialect
16:32:54,689  WARN AnnotationBinder:910 - HHH000457: Joined inheritance hierarchy [fr.afcepf.atod26.java.spring.banque.entity.Utilisateur] defined explicit @DiscriminatorColumn.  Legacy Hibernate behavior was to ignore the @DiscriminatorColumn.  However, as part of issue HHH-6911 we now apply the explicit @DiscriminatorColumn.  If you would prefer the legacy behavior, enable the `hibernate.discriminator.ignore_explicit_for_joined` setting (hibernate.discriminator.ignore_explicit_for_joined=true)
16:32:54,868  INFO TransactionFactoryInitiator:62 - HHH000399: Using default transaction strategy (direct JDBC transactions)
16:32:54,876  INFO ASTQueryTranslatorFactory:47 - HHH000397: Using ASTQueryTranslatorFactory
16:32:55,329  INFO SchemaExport:344 - HHH000227: Running hbm2ddl schema export
16:32:55,354 DEBUG SQL:109 - alter table Client drop foreign key FK_tmsskjhmh47g1dfd33o3msmgg
16:32:55,379 DEBUG SQL:109 - alter table Conseiller drop foreign key FK_1g42pjxn7l6j09l5xg8vto3be
16:32:55,391 DEBUG SQL:109 - alter table compte drop foreign key FK_20a8vu6mk97d7bty54i0lsjr
16:32:55,404 DEBUG SQL:109 - alter table operation_compte drop foreign key FK_f2x8vhjt0o6jddjq5dap8rrki
16:32:55,421 DEBUG SQL:109 - drop table if exists Client
16:32:55,424 DEBUG SQL:109 - drop table if exists Conseiller
16:32:55,426 DEBUG SQL:109 - drop table if exists compte
16:32:55,429 DEBUG SQL:109 - drop table if exists operation_compte
16:32:55,432 DEBUG SQL:109 - drop table if exists utilisateur
16:32:55,435 DEBUG SQL:109 - create table Client (id_utilisateur integer not null, primary key (id_utilisateur))
16:32:55,456 DEBUG SQL:109 - create table Conseiller (id_utilisateur integer not null, primary key (id_utilisateur))
16:32:55,477 DEBUG SQL:109 - create table compte (numero_compte integer not null auto_increment, date_de_creation datetime not null, type_de_compte varchar(45) not null, id_utilisateur integer, primary key (numero_compte))
16:32:55,490 DEBUG SQL:109 - create table operation_compte (type_operation varchar(31) not null, numero_operation integer not null auto_increment, date_operation datetime not null, montant double precision not null, compte integer not null, primary key (numero_operation))
16:32:55,504 DEBUG SQL:109 - create table utilisateur (type_utilisateur varchar(31) not null, id_utilisateur integer not null auto_increment, mail varchar(45) not null, mot_de_passe varchar(45) not null, nom varchar(45) not null, prenom varchar(45) not null, primary key (id_utilisateur))
16:32:55,519 DEBUG SQL:109 - alter table Client add constraint FK_tmsskjhmh47g1dfd33o3msmgg foreign key (id_utilisateur) references utilisateur (id_utilisateur)
16:32:55,541 DEBUG SQL:109 - alter table Conseiller add constraint FK_1g42pjxn7l6j09l5xg8vto3be foreign key (id_utilisateur) references utilisateur (id_utilisateur)
16:32:55,562 DEBUG SQL:109 - alter table compte add constraint FK_20a8vu6mk97d7bty54i0lsjr foreign key (id_utilisateur) references Client (id_utilisateur)
16:32:55,581 DEBUG SQL:109 - alter table operation_compte add constraint FK_f2x8vhjt0o6jddjq5dap8rrki foreign key (compte) references compte (numero_compte)
16:32:55,789  INFO SchemaExport:406 - HHH000230: Schema export complete
16:32:55,948  INFO HibernateTransactionManager:341 - Using DataSource [org.apache.commons.dbcp2.BasicDataSource@6c03f4f7] of Hibernate SessionFactory for HibernateTransactionManager
16:32:56,235 DEBUG SQL:109 - select utilisateu0_.id_utilisateur as id_utili2_4_, utilisateu0_.mail as mail3_4_, utilisateu0_.mot_de_passe as mot_de_p4_4_, utilisateu0_.nom as nom5_4_, utilisateu0_.prenom as prenom6_4_, utilisateu0_.type_utilisateur as type_uti1_4_ from utilisateur utilisateu0_ left outer join Client utilisateu0_1_ on utilisateu0_.id_utilisateur=utilisateu0_1_.id_utilisateur left outer join Conseiller utilisateu0_2_ on utilisateu0_.id_utilisateur=utilisateu0_2_.id_utilisateur where utilisateu0_.mail=? and utilisateu0_.mot_de_passe=?
16:32:56,301  INFO GenericApplicationContext:873 - Closing org.springframework.context.support.GenericApplicationContext@26917854: startup date [Sun Apr 17 16:32:53 CEST 2016]; root of context hierarchy
